<?xml version="1.0" encoding="UTF-8"?>
<!-- Generated by org.testng.reporters.JUnitReportReporter -->
<testsuite hostname="jishnu.kapoor" failures="0" tests="1" name="TestScripts.Wish_ManageProducts" time="42.867" errors="0" timestamp="2020-08-18T19:31:01 IST" skipped="0">
  <testcase classname="TestScripts.Wish_ManageProducts" name="UpdatingBulkInventory" time="42.867"/>
  <system-out>
<br>Click [WishDropdown] on [Wish_ManageProducts_Page] <br>Click [WishShopDetails] on [Wish_ManageProducts_Page] <br>Enter text [[automationtesting.myshopify.com]] in [ShopUrlTextBox] on [Wish_ManageProducts_Page] <br>Enter text [[]] in [ShopUrlTextBox] on [Wish_ManageProducts_Page] <br>Click [LoginAsButton] on [Wish_ManageProducts_Page] <br>Click [ProductsDropdown] on [Wish_ManageProducts_Page] <br>Click [ManageProducts] on [Wish_ManageProducts_Page] <br>Click [DropdownForBulk] on [Wish_ManageProducts_Page] <br>Click [BulkInventoryUpdate] on [Wish_ManageProducts_Page]  </system-out>
</testsuite> <!-- TestScripts.Wish_ManageProducts -->
