<?xml version="1.0" encoding="UTF-8"?>
<!-- Generated by org.testng.reporters.JUnitReportReporter -->
<testsuite hostname="jishnu.kapoor" failures="0" tests="1" name="TestScripts.Orders" time="33.449" errors="0" timestamp="2020-11-04T15:54:52 IST" skipped="0">
  <testcase classname="TestScripts.Orders" name="syncOrders" time="33.449"/>
  <system-out>
<br>Enter text [[13323]] in [UserIdTextBox] on [Orders_Page] <br>Enter text [[]] in [UserIdTextBox] on [Orders_Page] <br>Click [LoginButton] on [Orders_Page] <br>Click [Orders] on [Orders_Page] <br>Click [SyncOrders] on [Orders_Page]  </system-out>
</testsuite> <!-- TestScripts.Orders -->
