<?xml version="1.0" encoding="UTF-8"?>
<!-- Generated by org.testng.reporters.JUnitReportReporter -->
<testsuite hostname="jishnu.kapoor" failures="0" tests="1" name="TestScripts.ImportUpload" time="66.684" errors="0" timestamp="2020-11-09T19:52:10 IST" skipped="0">
  <testcase classname="TestScripts.ImportUpload" name="uploadingCustomProfileProductsFromAppToGoogle" time="66.684"/>
  <system-out>
<br>Enter text [[13323]] in [UserIdTextBox] on [Orders_Page] <br>Enter text [[]] in [UserIdTextBox] on [Orders_Page] <br>Click [LoginButton] on [Orders_Page] <br>Click [ImportUpload] on [ImportUpload_Page] <br>Click [UploadProduct] on [ImportUpload_Page] <br>Click [UploadProductButton] on [ImportUpload_Page]  </system-out>
</testsuite> <!-- TestScripts.ImportUpload -->
