<?xml version="1.0" encoding="UTF-8"?>
<!-- Generated by org.testng.reporters.JUnitXMLReporter -->
<testsuite ignored="0" hostname="jishnu.kapoor" failures="3" tests="3" name="demo" time="0.035" errors="0" timestamp="2020-08-08T11:33:46 IST">
  <testcase classname="TestScripts.SalesOrder" name="fetchingOrders" time="0.009">
    <failure type="org.testng.internal.reflect.MethodMatcherException" message="
[public void TestScripts.SalesOrder.fetchingOrders() throws java.lang.InterruptedException] has no parameters defined but was found to be using a data provider (either explicitly specified or inherited from class level annotation).
Data provider mismatch
Method: fetchingOrders([])
Arguments: [(java.lang.String) 1582]">
      <![CDATA[org.testng.internal.reflect.MethodMatcherException: 
[public void TestScripts.SalesOrder.fetchingOrders() throws java.lang.InterruptedException] has no parameters defined but was found to be using a data provider (either explicitly specified or inherited from class level annotation).
Data provider mismatch
Method: fetchingOrders([])
Arguments: [(java.lang.String) 1582]
at java.base/java.util.ArrayList.forEach(ArrayList.java:1540)
... Removed 22 stack frames]]>
    </failure>
  </testcase> <!-- fetchingOrders -->
  <testcase classname="TestScripts.SalesOrder" name="syncShipment" time="0.001">
    <failure type="org.testng.internal.reflect.MethodMatcherException" message="
[public void TestScripts.SalesOrder.syncShipment() throws java.lang.InterruptedException] has no parameters defined but was found to be using a data provider (either explicitly specified or inherited from class level annotation).
Data provider mismatch
Method: syncShipment([])
Arguments: [(java.lang.String) 1582]">
      <![CDATA[org.testng.internal.reflect.MethodMatcherException: 
[public void TestScripts.SalesOrder.syncShipment() throws java.lang.InterruptedException] has no parameters defined but was found to be using a data provider (either explicitly specified or inherited from class level annotation).
Data provider mismatch
Method: syncShipment([])
Arguments: [(java.lang.String) 1582]
at java.base/java.util.ArrayList.forEach(ArrayList.java:1540)
... Removed 22 stack frames]]>
    </failure>
  </testcase> <!-- syncShipment -->
  <testcase classname="TestScripts.SalesOrder" name="updatingOrderStatusThroughLink" time="0.001">
    <failure type="org.testng.internal.reflect.MethodMatcherException" message="
[public void TestScripts.SalesOrder.updatingOrderStatusThroughLink() throws java.lang.InterruptedException] has no parameters defined but was found to be using a data provider (either explicitly specified or inherited from class level annotation).
Data provider mismatch
Method: updatingOrderStatusThroughLink([])
Arguments: [(java.lang.String) 1582]">
      <![CDATA[org.testng.internal.reflect.MethodMatcherException: 
[public void TestScripts.SalesOrder.updatingOrderStatusThroughLink() throws java.lang.InterruptedException] has no parameters defined but was found to be using a data provider (either explicitly specified or inherited from class level annotation).
Data provider mismatch
Method: updatingOrderStatusThroughLink([])
Arguments: [(java.lang.String) 1582]
at java.base/java.util.ArrayList.forEach(ArrayList.java:1540)
... Removed 22 stack frames]]>
    </failure>
  </testcase> <!-- updatingOrderStatusThroughLink -->
</testsuite> <!-- demo -->
